string(105) "php /home/wwwroot/apiscript/index.php PutAdvScript,zw_10:2:%E5%B0%8F%E5%93%88%E5%93%88offer_to_adv true &"
string(85) "php /home/wwwroot/apiscript/index.php PutAdvScript,zw_11:1:apptestoffer_to_adv true &"
string(85) "php /home/wwwroot/apiscript/index.php PutAdvScript,zw_11:1:apptestoffer_to_adv true &"
string(85) "php /home/wwwroot/apiscript/index.php PutAdvScript,zw_11:1:apptestoffer_to_adv true &"
string(88) "php /home/wwwroot/apiscript/index.php PutOfferScript,zw_11:1:apptest:adv_to_offer true &"
string(85) "php /home/wwwroot/apiscript/index.php PutAdvScript,zw_11:1:apptestoffer_to_adv true &"
string(88) "php /home/wwwroot/apiscript/index.php PutOfferScript,zw_11:1:apptest:adv_to_offer true &"
string(88) "php /home/wwwroot/apiscript/index.php PutOfferScript,zw_11:1:apptest:adv_to_offer true &"
string(105) "php /home/wwwroot/apiscript/index.php PutAdvScript,zw_10:2:%E5%B0%8F%E5%93%88%E5%93%88offer_to_adv true &"
string(105) "php /home/wwwroot/apiscript/index.php PutAdvScript,zw_10:2:%E5%B0%8F%E5%93%88%E5%93%88offer_to_adv true &"
string(108) "php /home/wwwroot/apiscript/index.php PutOfferScript,zw_10:2:%E5%B0%8F%E5%93%88%E5%93%88:adv_to_offer true &"
string(105) "php /home/wwwroot/apiscript/index.php PutAdvScript,zw_13:1:%E5%B0%8F%E5%93%88%E5%93%88offer_to_adv true &"
string(105) "php /home/wwwroot/apiscript/index.php PutAdvScript,zw_13:1:%E5%B0%8F%E5%93%88%E5%93%88offer_to_adv true &"
string(108) "php /home/wwwroot/apiscript/index.php PutOfferScript,zw_13:1:%E5%B0%8F%E5%93%88%E5%93%88:adv_to_offer true &"
string(114) "php /home/wwwroot/apiscript/index.php PutAdvScript,zw_10:1:%E5%80%A9%E5%A5%B3%E5%B9%BD%E9%AD%82offer_to_adv true &"
string(105) "php /home/wwwroot/apiscript/index.php PutAdvScript,zw_13:1:%E5%B0%8F%E5%93%88%E5%93%88offer_to_adv true &"
string(114) "php /home/wwwroot/apiscript/index.php PutAdvScript,zw_10:1:%E5%80%A9%E5%A5%B3%E5%B9%BD%E9%AD%82offer_to_adv true &"
string(117) "php /home/wwwroot/apiscript/index.php PutOfferScript,zw_10:1:%E5%80%A9%E5%A5%B3%E5%B9%BD%E9%AD%82:adv_to_offer true &"
string(117) "php /home/wwwroot/apiscript/index.php PutOfferScript,zw_10:1:%E5%80%A9%E5%A5%B3%E5%B9%BD%E9%AD%82:adv_to_offer true &"
string(117) "php /home/wwwroot/apiscript/index.php PutOfferScript,zw_10:1:%E5%80%A9%E5%A5%B3%E5%B9%BD%E9%AD%82:adv_to_offer true &"
string(105) "php /home/wwwroot/apiscript/index.php PutAdvScript,zw_10:2:%E5%B0%8F%E5%93%88%E5%93%88offer_to_adv true &"
string(108) "php /home/wwwroot/apiscript/index.php PutOfferScript,zw_10:2:%E5%B0%8F%E5%93%88%E5%93%88:adv_to_offer true &"
string(85) "php /home/wwwroot/apiscript/index.php PutAdvScript,zw_11:1:apptestoffer_to_adv true &"
string(96) "php /home/wwwroot/apiscript/index.php PutAdvScript,zw_11:1:%E9%AD%94%E5%9F%9Foffer_to_adv true &"
string(96) "php /home/wwwroot/apiscript/index.php PutAdvScript,zw_11:1:%E9%AD%94%E5%9F%9Foffer_to_adv true &"
string(96) "php /home/wwwroot/apiscript/index.php PutAdvScript,zw_11:1:%E9%AD%94%E5%9F%9Foffer_to_adv true &"
string(99) "php /home/wwwroot/apiscript/index.php PutOfferScript,zw_11:1:%E9%AD%94%E5%9F%9F:adv_to_offer true &"
string(96) "php /home/wwwroot/apiscript/index.php PutAdvScript,zw_11:1:%E9%AD%94%E5%9F%9Foffer_to_adv true &"
string(99) "php /home/wwwroot/apiscript/index.php PutOfferScript,zw_11:1:%E9%AD%94%E5%9F%9F:adv_to_offer true &"
string(96) "php /home/wwwroot/apiscript/index.php PutAdvScript,zw_16:1:%E9%AD%94%E5%9F%9Foffer_to_adv true &"
string(96) "php /home/wwwroot/apiscript/index.php PutAdvScript,zw_17:1:%E9%AD%94%E5%9F%9Foffer_to_adv true &"
string(96) "php /home/wwwroot/apiscript/index.php PutAdvScript,zw_17:1:%E9%AD%94%E5%9F%9Foffer_to_adv true &"
string(96) "php /home/wwwroot/apiscript/index.php PutAdvScript,zw_17:1:%E9%AD%94%E5%9F%9Foffer_to_adv true &"
string(96) "php /home/wwwroot/apiscript/index.php PutAdvScript,zw_17:1:%E9%AD%94%E5%9F%9Foffer_to_adv true &"
string(96) "php /home/wwwroot/apiscript/index.php PutAdvScript,zw_17:1:%E9%AD%94%E5%9F%9Foffer_to_adv true &"
string(96) "php /home/wwwroot/apiscript/index.php PutAdvScript,zw_17:1:%E9%AD%94%E5%9F%9Foffer_to_adv true &"
string(96) "php /home/wwwroot/apiscript/index.php PutAdvScript,zw_17:1:%E9%AD%94%E5%9F%9Foffer_to_adv true &"
string(96) "php /home/wwwroot/apiscript/index.php PutAdvScript,zw_17:1:%E9%AD%94%E5%9F%9Foffer_to_adv true &"
string(96) "php /home/wwwroot/apiscript/index.php PutAdvScript,zw_17:1:%E9%AD%94%E5%9F%9Foffer_to_adv true &"
string(96) "php /home/wwwroot/apiscript/index.php PutAdvScript,zw_17:1:%E9%AD%94%E5%9F%9Foffer_to_adv true &"
string(96) "php /home/wwwroot/apiscript/index.php PutAdvScript,zw_17:1:%E9%AD%94%E5%9F%9Foffer_to_adv true &"
string(96) "php /home/wwwroot/apiscript/index.php PutAdvScript,zw_17:1:%E9%AD%94%E5%9F%9Foffer_to_adv true &"
string(96) "php /home/wwwroot/apiscript/index.php PutAdvScript,zw_17:1:%E9%AD%94%E5%9F%9Foffer_to_adv true &"
string(96) "php /home/wwwroot/apiscript/index.php PutAdvScript,zw_17:1:%E9%AD%94%E5%9F%9Foffer_to_adv true &"
string(96) "php /home/wwwroot/apiscript/index.php PutAdvScript,zw_17:1:%E9%AD%94%E5%9F%9Foffer_to_adv true &"
string(96) "php /home/wwwroot/apiscript/index.php PutAdvScript,zw_17:1:%E9%AD%94%E5%9F%9Foffer_to_adv true &"
string(96) "php /home/wwwroot/apiscript/index.php PutAdvScript,zw_17:1:%E9%AD%94%E5%9F%9Foffer_to_adv true &"
string(96) "php /home/wwwroot/apiscript/index.php PutAdvScript,zw_17:1:%E9%AD%94%E5%9F%9Foffer_to_adv true &"
string(96) "php /home/wwwroot/apiscript/index.php PutAdvScript,zw_17:1:%E9%AD%94%E5%9F%9Foffer_to_adv true &"
string(96) "php /home/wwwroot/apiscript/index.php PutAdvScript,zw_17:1:%E9%AD%94%E5%9F%9Foffer_to_adv true &"
string(96) "php /home/wwwroot/apiscript/index.php PutAdvScript,zw_17:1:%E9%AD%94%E5%9F%9Foffer_to_adv true &"
string(96) "php /home/wwwroot/apiscript/index.php PutAdvScript,zw_17:1:%E9%AD%94%E5%9F%9Foffer_to_adv true &"
string(96) "php /home/wwwroot/apiscript/index.php PutAdvScript,zw_17:1:%E9%AD%94%E5%9F%9Foffer_to_adv true &"
string(96) "php /home/wwwroot/apiscript/index.php PutAdvScript,zw_17:1:%E9%AD%94%E5%9F%9Foffer_to_adv true &"
string(96) "php /home/wwwroot/apiscript/index.php PutAdvScript,zw_17:1:%E9%AD%94%E5%9F%9Foffer_to_adv true &"
string(96) "php /home/wwwroot/apiscript/index.php PutAdvScript,zw_17:1:%E9%AD%94%E5%9F%9Foffer_to_adv true &"
string(96) "php /home/wwwroot/apiscript/index.php PutAdvScript,zw_17:1:%E9%AD%94%E5%9F%9Foffer_to_adv true &"
string(96) "php /home/wwwroot/apiscript/index.php PutAdvScript,zw_17:1:%E9%AD%94%E5%9F%9Foffer_to_adv true &"
string(96) "php /home/wwwroot/apiscript/index.php PutAdvScript,zw_17:1:%E9%AD%94%E5%9F%9Foffer_to_adv true &"
string(96) "php /home/wwwroot/apiscript/index.php PutAdvScript,zw_17:1:%E9%AD%94%E5%9F%9Foffer_to_adv true &"
string(96) "php /home/wwwroot/apiscript/index.php PutAdvScript,zw_17:1:%E9%AD%94%E5%9F%9Foffer_to_adv true &"
string(96) "php /home/wwwroot/apiscript/index.php PutAdvScript,zw_17:1:%E9%AD%94%E5%9F%9Foffer_to_adv true &"
string(96) "php /home/wwwroot/apiscript/index.php PutAdvScript,zw_17:1:%E9%AD%94%E5%9F%9Foffer_to_adv true &"
string(96) "php /home/wwwroot/apiscript/index.php PutAdvScript,zw_17:1:%E9%AD%94%E5%9F%9Foffer_to_adv true &"
string(96) "php /home/wwwroot/apiscript/index.php PutAdvScript,zw_17:1:%E9%AD%94%E5%9F%9Foffer_to_adv true &"
string(96) "php /home/wwwroot/apiscript/index.php PutAdvScript,zw_17:1:%E9%AD%94%E5%9F%9Foffer_to_adv true &"
string(96) "php /home/wwwroot/apiscript/index.php PutAdvScript,zw_17:1:%E9%AD%94%E5%9F%9Foffer_to_adv true &"
string(96) "php /home/wwwroot/apiscript/index.php PutAdvScript,zw_17:1:%E9%AD%94%E5%9F%9Foffer_to_adv true &"
string(96) "php /home/wwwroot/apiscript/index.php PutAdvScript,zw_17:1:%E9%AD%94%E5%9F%9Foffer_to_adv true &"
string(96) "php /home/wwwroot/apiscript/index.php PutAdvScript,zw_17:1:%E9%AD%94%E5%9F%9Foffer_to_adv true &"
string(96) "php /home/wwwroot/apiscript/index.php PutAdvScript,zw_17:1:%E9%AD%94%E5%9F%9Foffer_to_adv true &"
string(96) "php /home/wwwroot/apiscript/index.php PutAdvScript,zw_17:1:%E9%AD%94%E5%9F%9Foffer_to_adv true &"
string(96) "php /home/wwwroot/apiscript/index.php PutAdvScript,zw_17:1:%E9%AD%94%E5%9F%9Foffer_to_adv true &"
string(96) "php /home/wwwroot/apiscript/index.php PutAdvScript,zw_17:1:%E9%AD%94%E5%9F%9Foffer_to_adv true &"
string(96) "php /home/wwwroot/apiscript/index.php PutAdvScript,zw_17:1:%E9%AD%94%E5%9F%9Foffer_to_adv true &"
string(96) "php /home/wwwroot/apiscript/index.php PutAdvScript,zw_17:1:%E9%AD%94%E5%9F%9Foffer_to_adv true &"
string(96) "php /home/wwwroot/apiscript/index.php PutAdvScript,zw_17:1:%E9%AD%94%E5%9F%9Foffer_to_adv true &"
string(96) "php /home/wwwroot/apiscript/index.php PutAdvScript,zw_17:1:%E9%AD%94%E5%9F%9Foffer_to_adv true &"
string(96) "php /home/wwwroot/apiscript/index.php PutAdvScript,zw_17:1:%E9%AD%94%E5%9F%9Foffer_to_adv true &"
string(96) "php /home/wwwroot/apiscript/index.php PutAdvScript,zw_17:1:%E9%AD%94%E5%9F%9Foffer_to_adv true &"
string(96) "php /home/wwwroot/apiscript/index.php PutAdvScript,zw_17:1:%E9%AD%94%E5%9F%9Foffer_to_adv true &"
string(96) "php /home/wwwroot/apiscript/index.php PutAdvScript,zw_17:1:%E9%AD%94%E5%9F%9Foffer_to_adv true &"
string(96) "php /home/wwwroot/apiscript/index.php PutAdvScript,zw_17:1:%E9%AD%94%E5%9F%9Foffer_to_adv true &"
string(96) "php /home/wwwroot/apiscript/index.php PutAdvScript,zw_17:1:%E9%AD%94%E5%9F%9Foffer_to_adv true &"
string(96) "php /home/wwwroot/apiscript/index.php PutAdvScript,zw_17:1:%E9%AD%94%E5%9F%9Foffer_to_adv true &"
string(96) "php /home/wwwroot/apiscript/index.php PutAdvScript,zw_17:1:%E9%AD%94%E5%9F%9Foffer_to_adv true &"
string(96) "php /home/wwwroot/apiscript/index.php PutAdvScript,zw_17:1:%E9%AD%94%E5%9F%9Foffer_to_adv true &"
string(96) "php /home/wwwroot/apiscript/index.php PutAdvScript,zw_17:1:%E9%AD%94%E5%9F%9Foffer_to_adv true &"
string(96) "php /home/wwwroot/apiscript/index.php PutAdvScript,zw_17:1:%E9%AD%94%E5%9F%9Foffer_to_adv true &"
string(96) "php /home/wwwroot/apiscript/index.php PutAdvScript,zw_17:1:%E9%AD%94%E5%9F%9Foffer_to_adv true &"
string(96) "php /home/wwwroot/apiscript/index.php PutAdvScript,zw_17:1:%E9%AD%94%E5%9F%9Foffer_to_adv true &"
string(96) "php /home/wwwroot/apiscript/index.php PutAdvScript,zw_17:1:%E9%AD%94%E5%9F%9Foffer_to_adv true &"
string(96) "php /home/wwwroot/apiscript/index.php PutAdvScript,zw_17:1:%E9%AD%94%E5%9F%9Foffer_to_adv true &"
string(96) "php /home/wwwroot/apiscript/index.php PutAdvScript,zw_17:1:%E9%AD%94%E5%9F%9Foffer_to_adv true &"
string(96) "php /home/wwwroot/apiscript/index.php PutAdvScript,zw_17:1:%E9%AD%94%E5%9F%9Foffer_to_adv true &"
string(96) "php /home/wwwroot/apiscript/index.php PutAdvScript,zw_17:1:%E9%AD%94%E5%9F%9Foffer_to_adv true &"
string(96) "php /home/wwwroot/apiscript/index.php PutAdvScript,zw_17:1:%E9%AD%94%E5%9F%9Foffer_to_adv true &"
string(96) "php /home/wwwroot/apiscript/index.php PutAdvScript,zw_17:1:%E9%AD%94%E5%9F%9Foffer_to_adv true &"
string(96) "php /home/wwwroot/apiscript/index.php PutAdvScript,zw_17:1:%E9%AD%94%E5%9F%9Foffer_to_adv true &"
string(96) "php /home/wwwroot/apiscript/index.php PutAdvScript,zw_17:1:%E9%AD%94%E5%9F%9Foffer_to_adv true &"
string(96) "php /home/wwwroot/apiscript/index.php PutAdvScript,zw_17:1:%E9%AD%94%E5%9F%9Foffer_to_adv true &"
string(96) "php /home/wwwroot/apiscript/index.php PutAdvScript,zw_17:1:%E9%AD%94%E5%9F%9Foffer_to_adv true &"
string(96) "php /home/wwwroot/apiscript/index.php PutAdvScript,zw_17:1:%E9%AD%94%E5%9F%9Foffer_to_adv true &"
string(96) "php /home/wwwroot/apiscript/index.php PutAdvScript,zw_17:1:%E9%AD%94%E5%9F%9Foffer_to_adv true &"
string(96) "php /home/wwwroot/apiscript/index.php PutAdvScript,zw_17:1:%E9%AD%94%E5%9F%9Foffer_to_adv true &"
string(96) "php /home/wwwroot/apiscript/index.php PutAdvScript,zw_17:1:%E9%AD%94%E5%9F%9Foffer_to_adv true &"
string(96) "php /home/wwwroot/apiscript/index.php PutAdvScript,zw_17:1:%E9%AD%94%E5%9F%9Foffer_to_adv true &"
string(96) "php /home/wwwroot/apiscript/index.php PutAdvScript,zw_17:1:%E9%AD%94%E5%9F%9Foffer_to_adv true &"
string(96) "php /home/wwwroot/apiscript/index.php PutAdvScript,zw_17:1:%E9%AD%94%E5%9F%9Foffer_to_adv true &"
string(96) "php /home/wwwroot/apiscript/index.php PutAdvScript,zw_17:1:%E9%AD%94%E5%9F%9Foffer_to_adv true &"
string(96) "php /home/wwwroot/apiscript/index.php PutAdvScript,zw_17:1:%E9%AD%94%E5%9F%9Foffer_to_adv true &"
string(96) "php /home/wwwroot/apiscript/index.php PutAdvScript,zw_17:1:%E9%AD%94%E5%9F%9Foffer_to_adv true &"
string(96) "php /home/wwwroot/apiscript/index.php PutAdvScript,zw_17:1:%E9%AD%94%E5%9F%9Foffer_to_adv true &"
string(96) "php /home/wwwroot/apiscript/index.php PutAdvScript,zw_17:1:%E9%AD%94%E5%9F%9Foffer_to_adv true &"
string(96) "php /home/wwwroot/apiscript/index.php PutAdvScript,zw_17:1:%E9%AD%94%E5%9F%9Foffer_to_adv true &"
string(96) "php /home/wwwroot/apiscript/index.php PutAdvScript,zw_17:1:%E9%AD%94%E5%9F%9Foffer_to_adv true &"
string(96) "php /home/wwwroot/apiscript/index.php PutAdvScript,zw_17:1:%E9%AD%94%E5%9F%9Foffer_to_adv true &"
string(96) "php /home/wwwroot/apiscript/index.php PutAdvScript,zw_17:1:%E9%AD%94%E5%9F%9Foffer_to_adv true &"
string(96) "php /home/wwwroot/apiscript/index.php PutAdvScript,zw_17:1:%E9%AD%94%E5%9F%9Foffer_to_adv true &"
string(96) "php /home/wwwroot/apiscript/index.php PutAdvScript,zw_17:1:%E9%AD%94%E5%9F%9Foffer_to_adv true &"
string(96) "php /home/wwwroot/apiscript/index.php PutAdvScript,zw_17:1:%E9%AD%94%E5%9F%9Foffer_to_adv true &"
string(96) "php /home/wwwroot/apiscript/index.php PutAdvScript,zw_17:1:%E9%AD%94%E5%9F%9Foffer_to_adv true &"
string(96) "php /home/wwwroot/apiscript/index.php PutAdvScript,zw_17:1:%E9%AD%94%E5%9F%9Foffer_to_adv true &"
string(96) "php /home/wwwroot/apiscript/index.php PutAdvScript,zw_17:1:%E9%AD%94%E5%9F%9Foffer_to_adv true &"
string(96) "php /home/wwwroot/apiscript/index.php PutAdvScript,zw_17:1:%E9%AD%94%E5%9F%9Foffer_to_adv true &"
string(96) "php /home/wwwroot/apiscript/index.php PutAdvScript,zw_17:1:%E9%AD%94%E5%9F%9Foffer_to_adv true &"
string(96) "php /home/wwwroot/apiscript/index.php PutAdvScript,zw_17:1:%E9%AD%94%E5%9F%9Foffer_to_adv true &"
string(96) "php /home/wwwroot/apiscript/index.php PutAdvScript,zw_17:1:%E9%AD%94%E5%9F%9Foffer_to_adv true &"
string(96) "php /home/wwwroot/apiscript/index.php PutAdvScript,zw_17:1:%E9%AD%94%E5%9F%9Foffer_to_adv true &"
string(96) "php /home/wwwroot/apiscript/index.php PutAdvScript,zw_17:1:%E9%AD%94%E5%9F%9Foffer_to_adv true &"
string(96) "php /home/wwwroot/apiscript/index.php PutAdvScript,zw_17:1:%E9%AD%94%E5%9F%9Foffer_to_adv true &"
string(96) "php /home/wwwroot/apiscript/index.php PutAdvScript,zw_17:1:%E9%AD%94%E5%9F%9Foffer_to_adv true &"
string(96) "php /home/wwwroot/apiscript/index.php PutAdvScript,zw_17:1:%E9%AD%94%E5%9F%9Foffer_to_adv true &"
string(96) "php /home/wwwroot/apiscript/index.php PutAdvScript,zw_17:1:%E9%AD%94%E5%9F%9Foffer_to_adv true &"
string(96) "php /home/wwwroot/apiscript/index.php PutAdvScript,zw_17:1:%E9%AD%94%E5%9F%9Foffer_to_adv true &"
string(96) "php /home/wwwroot/apiscript/index.php PutAdvScript,zw_17:1:%E9%AD%94%E5%9F%9Foffer_to_adv true &"
string(96) "php /home/wwwroot/apiscript/index.php PutAdvScript,zw_17:1:%E9%AD%94%E5%9F%9Foffer_to_adv true &"
string(96) "php /home/wwwroot/apiscript/index.php PutAdvScript,zw_17:1:%E9%AD%94%E5%9F%9Foffer_to_adv true &"
string(96) "php /home/wwwroot/apiscript/index.php PutAdvScript,zw_17:1:%E9%AD%94%E5%9F%9Foffer_to_adv true &"
string(96) "php /home/wwwroot/apiscript/index.php PutAdvScript,zw_17:1:%E9%AD%94%E5%9F%9Foffer_to_adv true &"
string(96) "php /home/wwwroot/apiscript/index.php PutAdvScript,zw_17:1:%E9%AD%94%E5%9F%9Foffer_to_adv true &"
string(96) "php /home/wwwroot/apiscript/index.php PutAdvScript,zw_17:1:%E9%AD%94%E5%9F%9Foffer_to_adv true &"
string(96) "php /home/wwwroot/apiscript/index.php PutAdvScript,zw_17:1:%E9%AD%94%E5%9F%9Foffer_to_adv true &"
string(96) "php /home/wwwroot/apiscript/index.php PutAdvScript,zw_17:1:%E9%AD%94%E5%9F%9Foffer_to_adv true &"
string(96) "php /home/wwwroot/apiscript/index.php PutAdvScript,zw_17:1:%E9%AD%94%E5%9F%9Foffer_to_adv true &"
string(96) "php /home/wwwroot/apiscript/index.php PutAdvScript,zw_17:1:%E9%AD%94%E5%9F%9Foffer_to_adv true &"
string(96) "php /home/wwwroot/apiscript/index.php PutAdvScript,zw_17:1:%E9%AD%94%E5%9F%9Foffer_to_adv true &"
string(96) "php /home/wwwroot/apiscript/index.php PutAdvScript,zw_17:1:%E9%AD%94%E5%9F%9Foffer_to_adv true &"
string(96) "php /home/wwwroot/apiscript/index.php PutAdvScript,zw_17:1:%E9%AD%94%E5%9F%9Foffer_to_adv true &"
string(96) "php /home/wwwroot/apiscript/index.php PutAdvScript,zw_17:1:%E9%AD%94%E5%9F%9Foffer_to_adv true &"
string(96) "php /home/wwwroot/apiscript/index.php PutAdvScript,zw_17:1:%E9%AD%94%E5%9F%9Foffer_to_adv true &"
string(96) "php /home/wwwroot/apiscript/index.php PutAdvScript,zw_17:1:%E9%AD%94%E5%9F%9Foffer_to_adv true &"
string(96) "php /home/wwwroot/apiscript/index.php PutAdvScript,zw_17:1:%E9%AD%94%E5%9F%9Foffer_to_adv true &"
string(96) "php /home/wwwroot/apiscript/index.php PutAdvScript,zw_17:1:%E9%AD%94%E5%9F%9Foffer_to_adv true &"
string(96) "php /home/wwwroot/apiscript/index.php PutAdvScript,zw_17:1:%E9%AD%94%E5%9F%9Foffer_to_adv true &"
string(96) "php /home/wwwroot/apiscript/index.php PutAdvScript,zw_17:1:%E9%AD%94%E5%9F%9Foffer_to_adv true &"
string(96) "php /home/wwwroot/apiscript/index.php PutAdvScript,zw_17:1:%E9%AD%94%E5%9F%9Foffer_to_adv true &"
string(96) "php /home/wwwroot/apiscript/index.php PutAdvScript,zw_17:1:%E9%AD%94%E5%9F%9Foffer_to_adv true &"
string(96) "php /home/wwwroot/apiscript/index.php PutAdvScript,zw_17:1:%E9%AD%94%E5%9F%9Foffer_to_adv true &"
string(96) "php /home/wwwroot/apiscript/index.php PutAdvScript,zw_17:1:%E9%AD%94%E5%9F%9Foffer_to_adv true &"
string(96) "php /home/wwwroot/apiscript/index.php PutAdvScript,zw_17:1:%E9%AD%94%E5%9F%9Foffer_to_adv true &"
string(96) "php /home/wwwroot/apiscript/index.php PutAdvScript,zw_17:1:%E9%AD%94%E5%9F%9Foffer_to_adv true &"
string(96) "php /home/wwwroot/apiscript/index.php PutAdvScript,zw_17:1:%E9%AD%94%E5%9F%9Foffer_to_adv true &"
string(96) "php /home/wwwroot/apiscript/index.php PutAdvScript,zw_17:1:%E9%AD%94%E5%9F%9Foffer_to_adv true &"
string(96) "php /home/wwwroot/apiscript/index.php PutAdvScript,zw_17:1:%E9%AD%94%E5%9F%9Foffer_to_adv true &"
string(96) "php /home/wwwroot/apiscript/index.php PutAdvScript,zw_17:1:%E9%AD%94%E5%9F%9Foffer_to_adv true &"
string(96) "php /home/wwwroot/apiscript/index.php PutAdvScript,zw_16:1:%E9%AD%94%E5%9F%9Foffer_to_adv true &"
string(96) "php /home/wwwroot/apiscript/index.php PutAdvScript,zw_17:1:%E9%AD%94%E5%9F%9Foffer_to_adv true &"
string(96) "php /home/wwwroot/apiscript/index.php PutAdvScript,zw_16:1:%E9%AD%94%E5%9F%9Foffer_to_adv true &"
string(96) "php /home/wwwroot/apiscript/index.php PutAdvScript,zw_17:1:%E9%AD%94%E5%9F%9Foffer_to_adv true &"
string(96) "php /home/wwwroot/apiscript/index.php PutAdvScript,zw_17:1:%E9%AD%94%E5%9F%9Foffer_to_adv true &"
string(96) "php /home/wwwroot/apiscript/index.php PutAdvScript,zw_16:1:%E9%AD%94%E5%9F%9Foffer_to_adv true &"
string(96) "php /home/wwwroot/apiscript/index.php PutAdvScript,zw_17:1:%E9%AD%94%E5%9F%9Foffer_to_adv true &"
string(96) "php /home/wwwroot/apiscript/index.php PutAdvScript,zw_17:1:%E9%AD%94%E5%9F%9Foffer_to_adv true &"
string(96) "php /home/wwwroot/apiscript/index.php PutAdvScript,zw_17:1:%E9%AD%94%E5%9F%9Foffer_to_adv true &"
string(96) "php /home/wwwroot/apiscript/index.php PutAdvScript,zw_17:1:%E9%AD%94%E5%9F%9Foffer_to_adv true &"
string(96) "php /home/wwwroot/apiscript/index.php PutAdvScript,zw_17:1:%E9%AD%94%E5%9F%9Foffer_to_adv true &"
string(96) "php /home/wwwroot/apiscript/index.php PutAdvScript,zw_17:1:%E9%AD%94%E5%9F%9Foffer_to_adv true &"
string(96) "php /home/wwwroot/apiscript/index.php PutAdvScript,zw_17:1:%E9%AD%94%E5%9F%9Foffer_to_adv true &"
string(96) "php /home/wwwroot/apiscript/index.php PutAdvScript,zw_17:1:%E9%AD%94%E5%9F%9Foffer_to_adv true &"
string(96) "php /home/wwwroot/apiscript/index.php PutAdvScript,zw_17:1:%E9%AD%94%E5%9F%9Foffer_to_adv true &"
string(96) "php /home/wwwroot/apiscript/index.php PutAdvScript,zw_17:1:%E9%AD%94%E5%9F%9Foffer_to_adv true &"
string(96) "php /home/wwwroot/apiscript/index.php PutAdvScript,zw_17:1:%E9%AD%94%E5%9F%9Foffer_to_adv true &"
string(96) "php /home/wwwroot/apiscript/index.php PutAdvScript,zw_17:1:%E9%AD%94%E5%9F%9Foffer_to_adv true &"
string(96) "php /home/wwwroot/apiscript/index.php PutAdvScript,zw_17:1:%E9%AD%94%E5%9F%9Foffer_to_adv true &"
string(96) "php /home/wwwroot/apiscript/index.php PutAdvScript,zw_17:1:%E9%AD%94%E5%9F%9Foffer_to_adv true &"
string(96) "php /home/wwwroot/apiscript/index.php PutAdvScript,zw_17:1:%E9%AD%94%E5%9F%9Foffer_to_adv true &"
string(96) "php /home/wwwroot/apiscript/index.php PutAdvScript,zw_17:1:%E9%AD%94%E5%9F%9Foffer_to_adv true &"
string(96) "php /home/wwwroot/apiscript/index.php PutAdvScript,zw_16:1:%E9%AD%94%E5%9F%9Foffer_to_adv true &"
string(96) "php /home/wwwroot/apiscript/index.php PutAdvScript,zw_17:1:%E9%AD%94%E5%9F%9Foffer_to_adv true &"
string(96) "php /home/wwwroot/apiscript/index.php PutAdvScript,zw_17:1:%E9%AD%94%E5%9F%9Foffer_to_adv true &"
string(96) "php /home/wwwroot/apiscript/index.php PutAdvScript,zw_17:1:%E9%AD%94%E5%9F%9Foffer_to_adv true &"
string(96) "php /home/wwwroot/apiscript/index.php PutAdvScript,zw_17:1:%E9%AD%94%E5%9F%9Foffer_to_adv true &"
string(96) "php /home/wwwroot/apiscript/index.php PutAdvScript,zw_17:1:%E9%AD%94%E5%9F%9Foffer_to_adv true &"
string(96) "php /home/wwwroot/apiscript/index.php PutAdvScript,zw_17:1:%E9%AD%94%E5%9F%9Foffer_to_adv true &"
string(96) "php /home/wwwroot/apiscript/index.php PutAdvScript,zw_17:1:%E9%AD%94%E5%9F%9Foffer_to_adv true &"
string(96) "php /home/wwwroot/apiscript/index.php PutAdvScript,zw_17:1:%E9%AD%94%E5%9F%9Foffer_to_adv true &"
string(96) "php /home/wwwroot/apiscript/index.php PutAdvScript,zw_17:1:%E9%AD%94%E5%9F%9Foffer_to_adv true &"
string(96) "php /home/wwwroot/apiscript/index.php PutAdvScript,zw_17:1:%E9%AD%94%E5%9F%9Foffer_to_adv true &"
string(96) "php /home/wwwroot/apiscript/index.php PutAdvScript,zw_17:1:%E9%AD%94%E5%9F%9Foffer_to_adv true &"
string(96) "php /home/wwwroot/apiscript/index.php PutAdvScript,zw_17:1:%E9%AD%94%E5%9F%9Foffer_to_adv true &"
string(96) "php /home/wwwroot/apiscript/index.php PutAdvScript,zw_17:1:%E9%AD%94%E5%9F%9Foffer_to_adv true &"
string(96) "php /home/wwwroot/apiscript/index.php PutAdvScript,zw_17:1:%E9%AD%94%E5%9F%9Foffer_to_adv true &"
string(96) "php /home/wwwroot/apiscript/index.php PutAdvScript,zw_17:1:%E9%AD%94%E5%9F%9Foffer_to_adv true &"
string(96) "php /home/wwwroot/apiscript/index.php PutAdvScript,zw_17:1:%E9%AD%94%E5%9F%9Foffer_to_adv true &"
string(96) "php /home/wwwroot/apiscript/index.php PutAdvScript,zw_17:1:%E9%AD%94%E5%9F%9Foffer_to_adv true &"
string(96) "php /home/wwwroot/apiscript/index.php PutAdvScript,zw_17:1:%E9%AD%94%E5%9F%9Foffer_to_adv true &"
string(96) "php /home/wwwroot/apiscript/index.php PutAdvScript,zw_17:1:%E9%AD%94%E5%9F%9Foffer_to_adv true &"
string(96) "php /home/wwwroot/apiscript/index.php PutAdvScript,zw_17:1:%E9%AD%94%E5%9F%9Foffer_to_adv true &"
string(96) "php /home/wwwroot/apiscript/index.php PutAdvScript,zw_17:1:%E9%AD%94%E5%9F%9Foffer_to_adv true &"
string(96) "php /home/wwwroot/apiscript/index.php PutAdvScript,zw_17:1:%E9%AD%94%E5%9F%9Foffer_to_adv true &"
string(96) "php /home/wwwroot/apiscript/index.php PutAdvScript,zw_17:1:%E9%AD%94%E5%9F%9Foffer_to_adv true &"
