object(Aliyun_Log_Models_PutLogsResponse)#5 (1) {
  ["headers":"Aliyun_Log_Models_Response":private]=>
  array(7) {
    ["server"]=>
    string(5) "nginx"
    ["content-length"]=>
    string(1) "0"
    ["connection"]=>
    string(5) "close"
    ["access-control-allow-origin"]=>
    string(1) "*"
    ["date"]=>
    string(29) "Tue, 26 Feb 2019 08:33:31 GMT"
    ["x-log-requestid"]=>
    string(24) "5C74F9DB3A42A3779AF31C0C"
    ["_info"]=>
    array(27) {
      ["url"]=>
      string(74) "http://apiv1.cn-hongkong.log.aliyuncs.com:80/logstores/channel_1/shards/lb"
      ["content_type"]=>
      NULL
      ["http_code"]=>
      int(200)
      ["header_size"]=>
      int(206)
      ["request_size"]=>
      int(600)
      ["filetime"]=>
      int(-1)
      ["ssl_verify_result"]=>
      int(0)
      ["redirect_count"]=>
      int(0)
      ["total_time"]=>
      float(0.022166)
      ["namelookup_time"]=>
      float(0.004194)
      ["connect_time"]=>
      float(0.005669)
      ["pretransfer_time"]=>
      float(0.005706)
      ["size_upload"]=>
      float(12079)
      ["size_download"]=>
      float(0)
      ["speed_download"]=>
      float(0)
      ["speed_upload"]=>
      float(544933)
      ["download_content_length"]=>
      float(0)
      ["upload_content_length"]=>
      float(12079)
      ["starttransfer_time"]=>
      float(0.007378)
      ["redirect_time"]=>
      float(0)
      ["redirect_url"]=>
      string(0) ""
      ["primary_ip"]=>
      string(11) "47.89.5.161"
      ["certinfo"]=>
      array(0) {
      }
      ["primary_port"]=>
      int(80)
      ["local_ip"]=>
      string(13) "172.31.112.25"
      ["local_port"]=>
      int(37120)
      ["method"]=>
      string(4) "POST"
    }
  }
}
PHP Fatal error:  Cannot redeclare Aliyun_Log_PHP_Client_Autoload() (previously declared in /home/wwwroot/apiscript/vendor/aliyun_log/Log_Autoload.php:9) in /home/wwwroot/apiscript/vendor/aliyun_log/Log_Autoload.php on line 30
